[2020-12-18 09:26:12] development.ERROR: PDOException: SQLSTATE[HY000] [1045] Access denied for user 'inatamac_farhan'@'localhost' (using password: YES) in C:\laragon\www\farhan\vendor\doctrine\dbal\lib\Doctrine\DBAL\Driver\PDOConnection.php:43
Stack trace:
#0 C:\laragon\www\farhan\vendor\doctrine\dbal\lib\Doctrine\DBAL\Driver\PDOConnection.php(43): PDO->__construct('mysql:host=loca...', 'inatamac_farhan', 'farhan@123', Array)
#1 C:\laragon\www\farhan\vendor\laravel\framework\src\Illuminate\Database\Connectors\Connector.php(64): Doctrine\DBAL\Driver\PDOConnection->__construct('mysql:host=loca...', 'inatamac_farhan', 'farhan@123', Array)
#2 C:\laragon\www\farhan\vendor\laravel\framework\src\Illuminate\Database\Connectors\Connector.php(43): Illuminate\Database\Connectors\Connector->createPdoConnection('mysql:host=loca...', 'inatamac_farhan', 'farhan@123', Array)
#3 C:\laragon\www\farhan\vendor\laravel\framework\src\Illuminate\Database\Connectors\MySqlConnector.php(24): Illuminate\Database\Connectors\Connector->createConnection('mysql:host=loca...', Array, Array)
#4 C:\laragon\www\farhan\vendor\october\rain\src\Database\Connectors\ConnectionFactory.php(29): Illuminate\Database\Connectors\MySqlConnector->connect(Array)
#5 [internal function]: October\Rain\Database\Connectors\ConnectionFactory->October\Rain\Database\Connectors\{closure}()
#6 C:\laragon\www\farhan\vendor\laravel\framework\src\Illuminate\Database\Connection.php(915): call_user_func(Object(Closure))
#7 C:\laragon\www\farhan\vendor\laravel\framework\src\Illuminate\Database\Connection.php(940): Illuminate\Database\Connection->getPdo()
#8 C:\laragon\www\farhan\vendor\laravel\framework\src\Illuminate\Database\Connection.php(399): Illuminate\Database\Connection->getReadPdo()
#9 C:\laragon\www\farhan\vendor\laravel\framework\src\Illuminate\Database\Connection.php(325): Illuminate\Database\Connection->getPdoForSelect(true)
#10 C:\laragon\www\farhan\vendor\laravel\framework\src\Illuminate\Database\Connection.php(657): Illuminate\Database\Connection->Illuminate\Database\{closure}('select * from i...', Array)
#11 C:\laragon\www\farhan\vendor\laravel\framework\src\Illuminate\Database\Connection.php(624): Illuminate\Database\Connection->runQueryCallback('select * from i...', Array, Object(Closure))
#12 C:\laragon\www\farhan\vendor\laravel\framework\src\Illuminate\Database\Connection.php(333): Illuminate\Database\Connection->run('select * from i...', Array, Object(Closure))
#13 C:\laragon\www\farhan\vendor\laravel\framework\src\Illuminate\Database\Schema\MySqlBuilder.php(18): Illuminate\Database\Connection->select('select * from i...', Array)
#14 C:\laragon\www\farhan\vendor\laravel\framework\src\Illuminate\Support\Facades\Facade.php(221): Illuminate\Database\Schema\MySqlBuilder->hasTable('users')
#15 C:\laragon\www\farhan\plugins\vdomah\roles\classes\AbstractPluginInfo.php(42): Illuminate\Support\Facades\Facade::__callStatic('hasTable', Array)
#16 C:\laragon\www\farhan\plugins\vdomah\roles\Plugin.php(55): Vdomah\Roles\Classes\AbstractPluginInfo->checkRoleIdColumnExists()
#17 C:\laragon\www\farhan\modules\system\classes\PluginManager.php(317): Vdomah\Roles\Plugin->boot()
#18 C:\laragon\www\farhan\modules\system\classes\PluginManager.php(299): System\Classes\PluginManager->bootPlugin(Object(Vdomah\Roles\Plugin))
#19 C:\laragon\www\farhan\modules\system\ServiceProvider.php(104): System\Classes\PluginManager->bootAll()
#20 [internal function]: System\ServiceProvider->boot()
#21 C:\laragon\www\farhan\vendor\laravel\framework\src\Illuminate\Container\BoundMethod.php(29): call_user_func_array(Array, Array)
#22 C:\laragon\www\farhan\vendor\laravel\framework\src\Illuminate\Container\BoundMethod.php(87): Illuminate\Container\BoundMethod::Illuminate\Container\{closure}()
#23 C:\laragon\www\farhan\vendor\laravel\framework\src\Illuminate\Container\BoundMethod.php(31): Illuminate\Container\BoundMethod::callBoundMethod(Object(October\Rain\Foundation\Application), Array, Object(Closure))
#24 C:\laragon\www\farhan\vendor\laravel\framework\src\Illuminate\Container\Container.php(549): Illuminate\Container\BoundMethod::call(Object(October\Rain\Foundation\Application), Array, Array, NULL)
#25 C:\laragon\www\farhan\vendor\laravel\framework\src\Illuminate\Foundation\Application.php(792): Illuminate\Container\Container->call(Array)
#26 C:\laragon\www\farhan\vendor\laravel\framework\src\Illuminate\Foundation\Application.php(775): Illuminate\Foundation\Application->bootProvider(Object(System\ServiceProvider))
#27 [internal function]: Illuminate\Foundation\Application->Illuminate\Foundation\{closure}(Object(System\ServiceProvider), 24)
#28 C:\laragon\www\farhan\vendor\laravel\framework\src\Illuminate\Foundation\Application.php(776): array_walk(Array, Object(Closure))
#29 C:\laragon\www\farhan\vendor\laravel\framework\src\Illuminate\Foundation\Bootstrap\BootProviders.php(17): Illuminate\Foundation\Application->boot()
#30 C:\laragon\www\farhan\vendor\october\rain\src\Foundation\Application.php(85): Illuminate\Foundation\Bootstrap\BootProviders->bootstrap(Object(October\Rain\Foundation\Application))
#31 C:\laragon\www\farhan\vendor\laravel\framework\src\Illuminate\Foundation\Http\Kernel.php(162): October\Rain\Foundation\Application->bootstrapWith(Array)
#32 C:\laragon\www\farhan\vendor\laravel\framework\src\Illuminate\Foundation\Http\Kernel.php(146): Illuminate\Foundation\Http\Kernel->bootstrap()
#33 C:\laragon\www\farhan\vendor\laravel\framework\src\Illuminate\Foundation\Http\Kernel.php(116): Illuminate\Foundation\Http\Kernel->sendRequestThroughRouter(Object(Illuminate\Http\Request))
#34 C:\laragon\www\farhan\index.php(43): Illuminate\Foundation\Http\Kernel->handle(Object(Illuminate\Http\Request))
#35 {main}

Next Doctrine\DBAL\Driver\PDOException: SQLSTATE[HY000] [1045] Access denied for user 'inatamac_farhan'@'localhost' (using password: YES) in C:\laragon\www\farhan\vendor\doctrine\dbal\lib\Doctrine\DBAL\Driver\PDOConnection.php:47
Stack trace:
#0 C:\laragon\www\farhan\vendor\laravel\framework\src\Illuminate\Database\Connectors\Connector.php(64): Doctrine\DBAL\Driver\PDOConnection->__construct('mysql:host=loca...', 'inatamac_farhan', 'farhan@123', Array)
#1 C:\laragon\www\farhan\vendor\laravel\framework\src\Illuminate\Database\Connectors\Connector.php(43): Illuminate\Database\Connectors\Connector->createPdoConnection('mysql:host=loca...', 'inatamac_farhan', 'farhan@123', Array)
#2 C:\laragon\www\farhan\vendor\laravel\framework\src\Illuminate\Database\Connectors\MySqlConnector.php(24): Illuminate\Database\Connectors\Connector->createConnection('mysql:host=loca...', Array, Array)
#3 C:\laragon\www\farhan\vendor\october\rain\src\Database\Connectors\ConnectionFactory.php(29): Illuminate\Database\Connectors\MySqlConnector->connect(Array)
#4 [internal function]: October\Rain\Database\Connectors\ConnectionFactory->October\Rain\Database\Connectors\{closure}()
#5 C:\laragon\www\farhan\vendor\laravel\framework\src\Illuminate\Database\Connection.php(915): call_user_func(Object(Closure))
#6 C:\laragon\www\farhan\vendor\laravel\framework\src\Illuminate\Database\Connection.php(940): Illuminate\Database\Connection->getPdo()
#7 C:\laragon\www\farhan\vendor\laravel\framework\src\Illuminate\Database\Connection.php(399): Illuminate\Database\Connection->getReadPdo()
#8 C:\laragon\www\farhan\vendor\laravel\framework\src\Illuminate\Database\Connection.php(325): Illuminate\Database\Connection->getPdoForSelect(true)
#9 C:\laragon\www\farhan\vendor\laravel\framework\src\Illuminate\Database\Connection.php(657): Illuminate\Database\Connection->Illuminate\Database\{closure}('select * from i...', Array)
#10 C:\laragon\www\farhan\vendor\laravel\framework\src\Illuminate\Database\Connection.php(624): Illuminate\Database\Connection->runQueryCallback('select * from i...', Array, Object(Closure))
#11 C:\laragon\www\farhan\vendor\laravel\framework\src\Illuminate\Database\Connection.php(333): Illuminate\Database\Connection->run('select * from i...', Array, Object(Closure))
#12 C:\laragon\www\farhan\vendor\laravel\framework\src\Illuminate\Database\Schema\MySqlBuilder.php(18): Illuminate\Database\Connection->select('select * from i...', Array)
#13 C:\laragon\www\farhan\vendor\laravel\framework\src\Illuminate\Support\Facades\Facade.php(221): Illuminate\Database\Schema\MySqlBuilder->hasTable('users')
#14 C:\laragon\www\farhan\plugins\vdomah\roles\classes\AbstractPluginInfo.php(42): Illuminate\Support\Facades\Facade::__callStatic('hasTable', Array)
#15 C:\laragon\www\farhan\plugins\vdomah\roles\Plugin.php(55): Vdomah\Roles\Classes\AbstractPluginInfo->checkRoleIdColumnExists()
#16 C:\laragon\www\farhan\modules\system\classes\PluginManager.php(317): Vdomah\Roles\Plugin->boot()
#17 C:\laragon\www\farhan\modules\system\classes\PluginManager.php(299): System\Classes\PluginManager->bootPlugin(Object(Vdomah\Roles\Plugin))
#18 C:\laragon\www\farhan\modules\system\ServiceProvider.php(104): System\Classes\PluginManager->bootAll()
#19 [internal function]: System\ServiceProvider->boot()
#20 C:\laragon\www\farhan\vendor\laravel\framework\src\Illuminate\Container\BoundMethod.php(29): call_user_func_array(Array, Array)
#21 C:\laragon\www\farhan\vendor\laravel\framework\src\Illuminate\Container\BoundMethod.php(87): Illuminate\Container\BoundMethod::Illuminate\Container\{closure}()
#22 C:\laragon\www\farhan\vendor\laravel\framework\src\Illuminate\Container\BoundMethod.php(31): Illuminate\Container\BoundMethod::callBoundMethod(Object(October\Rain\Foundation\Application), Array, Object(Closure))
#23 C:\laragon\www\farhan\vendor\laravel\framework\src\Illuminate\Container\Container.php(549): Illuminate\Container\BoundMethod::call(Object(October\Rain\Foundation\Application), Array, Array, NULL)
#24 C:\laragon\www\farhan\vendor\laravel\framework\src\Illuminate\Foundation\Application.php(792): Illuminate\Container\Container->call(Array)
#25 C:\laragon\www\farhan\vendor\laravel\framework\src\Illuminate\Foundation\Application.php(775): Illuminate\Foundation\Application->bootProvider(Object(System\ServiceProvider))
#26 [internal function]: Illuminate\Foundation\Application->Illuminate\Foundation\{closure}(Object(System\ServiceProvider), 24)
#27 C:\laragon\www\farhan\vendor\laravel\framework\src\Illuminate\Foundation\Application.php(776): array_walk(Array, Object(Closure))
#28 C:\laragon\www\farhan\vendor\laravel\framework\src\Illuminate\Foundation\Bootstrap\BootProviders.php(17): Illuminate\Foundation\Application->boot()
#29 C:\laragon\www\farhan\vendor\october\rain\src\Foundation\Application.php(85): Illuminate\Foundation\Bootstrap\BootProviders->bootstrap(Object(October\Rain\Foundation\Application))
#30 C:\laragon\www\farhan\vendor\laravel\framework\src\Illuminate\Foundation\Http\Kernel.php(162): October\Rain\Foundation\Application->bootstrapWith(Array)
#31 C:\laragon\www\farhan\vendor\laravel\framework\src\Illuminate\Foundation\Http\Kernel.php(146): Illuminate\Foundation\Http\Kernel->bootstrap()
#32 C:\laragon\www\farhan\vendor\laravel\framework\src\Illuminate\Foundation\Http\Kernel.php(116): Illuminate\Foundation\Http\Kernel->sendRequestThroughRouter(Object(Illuminate\Http\Request))
#33 C:\laragon\www\farhan\index.php(43): Illuminate\Foundation\Http\Kernel->handle(Object(Illuminate\Http\Request))
#34 {main}

Next Illuminate\Database\QueryException: SQLSTATE[HY000] [1045] Access denied for user 'inatamac_farhan'@'localhost' (using password: YES) (SQL: select * from information_schema.tables where table_schema = inatamac_farhan and table_name = users) in C:\laragon\www\farhan\vendor\laravel\framework\src\Illuminate\Database\Connection.php:664
Stack trace:
#0 C:\laragon\www\farhan\vendor\laravel\framework\src\Illuminate\Database\Connection.php(624): Illuminate\Database\Connection->runQueryCallback('select * from i...', Array, Object(Closure))
#1 C:\laragon\www\farhan\vendor\laravel\framework\src\Illuminate\Database\Connection.php(333): Illuminate\Database\Connection->run('select * from i...', Array, Object(Closure))
#2 C:\laragon\www\farhan\vendor\laravel\framework\src\Illuminate\Database\Schema\MySqlBuilder.php(18): Illuminate\Database\Connection->select('select * from i...', Array)
#3 C:\laragon\www\farhan\vendor\laravel\framework\src\Illuminate\Support\Facades\Facade.php(221): Illuminate\Database\Schema\MySqlBuilder->hasTable('users')
#4 C:\laragon\www\farhan\plugins\vdomah\roles\classes\AbstractPluginInfo.php(42): Illuminate\Support\Facades\Facade::__callStatic('hasTable', Array)
#5 C:\laragon\www\farhan\plugins\vdomah\roles\Plugin.php(55): Vdomah\Roles\Classes\AbstractPluginInfo->checkRoleIdColumnExists()
#6 C:\laragon\www\farhan\modules\system\classes\PluginManager.php(317): Vdomah\Roles\Plugin->boot()
#7 C:\laragon\www\farhan\modules\system\classes\PluginManager.php(299): System\Classes\PluginManager->bootPlugin(Object(Vdomah\Roles\Plugin))
#8 C:\laragon\www\farhan\modules\system\ServiceProvider.php(104): System\Classes\PluginManager->bootAll()
#9 [internal function]: System\ServiceProvider->boot()
#10 C:\laragon\www\farhan\vendor\laravel\framework\src\Illuminate\Container\BoundMethod.php(29): call_user_func_array(Array, Array)
#11 C:\laragon\www\farhan\vendor\laravel\framework\src\Illuminate\Container\BoundMethod.php(87): Illuminate\Container\BoundMethod::Illuminate\Container\{closure}()
#12 C:\laragon\www\farhan\vendor\laravel\framework\src\Illuminate\Container\BoundMethod.php(31): Illuminate\Container\BoundMethod::callBoundMethod(Object(October\Rain\Foundation\Application), Array, Object(Closure))
#13 C:\laragon\www\farhan\vendor\laravel\framework\src\Illuminate\Container\Container.php(549): Illuminate\Container\BoundMethod::call(Object(October\Rain\Foundation\Application), Array, Array, NULL)
#14 C:\laragon\www\farhan\vendor\laravel\framework\src\Illuminate\Foundation\Application.php(792): Illuminate\Container\Container->call(Array)
#15 C:\laragon\www\farhan\vendor\laravel\framework\src\Illuminate\Foundation\Application.php(775): Illuminate\Foundation\Application->bootProvider(Object(System\ServiceProvider))
#16 [internal function]: Illuminate\Foundation\Application->Illuminate\Foundation\{closure}(Object(System\ServiceProvider), 24)
#17 C:\laragon\www\farhan\vendor\laravel\framework\src\Illuminate\Foundation\Application.php(776): array_walk(Array, Object(Closure))
#18 C:\laragon\www\farhan\vendor\laravel\framework\src\Illuminate\Foundation\Bootstrap\BootProviders.php(17): Illuminate\Foundation\Application->boot()
#19 C:\laragon\www\farhan\vendor\october\rain\src\Foundation\Application.php(85): Illuminate\Foundation\Bootstrap\BootProviders->bootstrap(Object(October\Rain\Foundation\Application))
#20 C:\laragon\www\farhan\vendor\laravel\framework\src\Illuminate\Foundation\Http\Kernel.php(162): October\Rain\Foundation\Application->bootstrapWith(Array)
#21 C:\laragon\www\farhan\vendor\laravel\framework\src\Illuminate\Foundation\Http\Kernel.php(146): Illuminate\Foundation\Http\Kernel->bootstrap()
#22 C:\laragon\www\farhan\vendor\laravel\framework\src\Illuminate\Foundation\Http\Kernel.php(116): Illuminate\Foundation\Http\Kernel->sendRequestThroughRouter(Object(Illuminate\Http\Request))
#23 C:\laragon\www\farhan\index.php(43): Illuminate\Foundation\Http\Kernel->handle(Object(Illuminate\Http\Request))
#24 {main}  
[2020-12-18 09:26:16] development.ERROR: PDOException: SQLSTATE[HY000] [1045] Access denied for user 'inatamac_farhan'@'localhost' (using password: YES) in C:\laragon\www\farhan\vendor\doctrine\dbal\lib\Doctrine\DBAL\Driver\PDOConnection.php:43
Stack trace:
#0 C:\laragon\www\farhan\vendor\doctrine\dbal\lib\Doctrine\DBAL\Driver\PDOConnection.php(43): PDO->__construct('mysql:host=loca...', 'inatamac_farhan', 'farhan@123', Array)
#1 C:\laragon\www\farhan\vendor\laravel\framework\src\Illuminate\Database\Connectors\Connector.php(64): Doctrine\DBAL\Driver\PDOConnection->__construct('mysql:host=loca...', 'inatamac_farhan', 'farhan@123', Array)
#2 C:\laragon\www\farhan\vendor\laravel\framework\src\Illuminate\Database\Connectors\Connector.php(43): Illuminate\Database\Connectors\Connector->createPdoConnection('mysql:host=loca...', 'inatamac_farhan', 'farhan@123', Array)
#3 C:\laragon\www\farhan\vendor\laravel\framework\src\Illuminate\Database\Connectors\MySqlConnector.php(24): Illuminate\Database\Connectors\Connector->createConnection('mysql:host=loca...', Array, Array)
#4 C:\laragon\www\farhan\vendor\october\rain\src\Database\Connectors\ConnectionFactory.php(29): Illuminate\Database\Connectors\MySqlConnector->connect(Array)
#5 [internal function]: October\Rain\Database\Connectors\ConnectionFactory->October\Rain\Database\Connectors\{closure}()
#6 C:\laragon\www\farhan\vendor\laravel\framework\src\Illuminate\Database\Connection.php(915): call_user_func(Object(Closure))
#7 C:\laragon\www\farhan\vendor\laravel\framework\src\Illuminate\Database\Connection.php(940): Illuminate\Database\Connection->getPdo()
#8 C:\laragon\www\farhan\vendor\laravel\framework\src\Illuminate\Database\Connection.php(399): Illuminate\Database\Connection->getReadPdo()
#9 C:\laragon\www\farhan\vendor\laravel\framework\src\Illuminate\Database\Connection.php(325): Illuminate\Database\Connection->getPdoForSelect(true)
#10 C:\laragon\www\farhan\vendor\laravel\framework\src\Illuminate\Database\Connection.php(657): Illuminate\Database\Connection->Illuminate\Database\{closure}('select * from i...', Array)
#11 C:\laragon\www\farhan\vendor\laravel\framework\src\Illuminate\Database\Connection.php(624): Illuminate\Database\Connection->runQueryCallback('select * from i...', Array, Object(Closure))
#12 C:\laragon\www\farhan\vendor\laravel\framework\src\Illuminate\Database\Connection.php(333): Illuminate\Database\Connection->run('select * from i...', Array, Object(Closure))
#13 C:\laragon\www\farhan\vendor\laravel\framework\src\Illuminate\Database\Schema\MySqlBuilder.php(18): Illuminate\Database\Connection->select('select * from i...', Array)
#14 C:\laragon\www\farhan\vendor\laravel\framework\src\Illuminate\Support\Facades\Facade.php(221): Illuminate\Database\Schema\MySqlBuilder->hasTable('users')
#15 C:\laragon\www\farhan\plugins\vdomah\roles\classes\AbstractPluginInfo.php(42): Illuminate\Support\Facades\Facade::__callStatic('hasTable', Array)
#16 C:\laragon\www\farhan\plugins\vdomah\roles\Plugin.php(55): Vdomah\Roles\Classes\AbstractPluginInfo->checkRoleIdColumnExists()
#17 C:\laragon\www\farhan\modules\system\classes\PluginManager.php(317): Vdomah\Roles\Plugin->boot()
#18 C:\laragon\www\farhan\modules\system\classes\PluginManager.php(299): System\Classes\PluginManager->bootPlugin(Object(Vdomah\Roles\Plugin))
#19 C:\laragon\www\farhan\modules\system\ServiceProvider.php(104): System\Classes\PluginManager->bootAll()
#20 [internal function]: System\ServiceProvider->boot()
#21 C:\laragon\www\farhan\vendor\laravel\framework\src\Illuminate\Container\BoundMethod.php(29): call_user_func_array(Array, Array)
#22 C:\laragon\www\farhan\vendor\laravel\framework\src\Illuminate\Container\BoundMethod.php(87): Illuminate\Container\BoundMethod::Illuminate\Container\{closure}()
#23 C:\laragon\www\farhan\vendor\laravel\framework\src\Illuminate\Container\BoundMethod.php(31): Illuminate\Container\BoundMethod::callBoundMethod(Object(October\Rain\Foundation\Application), Array, Object(Closure))
#24 C:\laragon\www\farhan\vendor\laravel\framework\src\Illuminate\Container\Container.php(549): Illuminate\Container\BoundMethod::call(Object(October\Rain\Foundation\Application), Array, Array, NULL)
#25 C:\laragon\www\farhan\vendor\laravel\framework\src\Illuminate\Foundation\Application.php(792): Illuminate\Container\Container->call(Array)
#26 C:\laragon\www\farhan\vendor\laravel\framework\src\Illuminate\Foundation\Application.php(775): Illuminate\Foundation\Application->bootProvider(Object(System\ServiceProvider))
#27 [internal function]: Illuminate\Foundation\Application->Illuminate\Foundation\{closure}(Object(System\ServiceProvider), 24)
#28 C:\laragon\www\farhan\vendor\laravel\framework\src\Illuminate\Foundation\Application.php(776): array_walk(Array, Object(Closure))
#29 C:\laragon\www\farhan\vendor\laravel\framework\src\Illuminate\Foundation\Bootstrap\BootProviders.php(17): Illuminate\Foundation\Application->boot()
#30 C:\laragon\www\farhan\vendor\october\rain\src\Foundation\Application.php(85): Illuminate\Foundation\Bootstrap\BootProviders->bootstrap(Object(October\Rain\Foundation\Application))
#31 C:\laragon\www\farhan\vendor\laravel\framework\src\Illuminate\Foundation\Http\Kernel.php(162): October\Rain\Foundation\Application->bootstrapWith(Array)
#32 C:\laragon\www\farhan\vendor\laravel\framework\src\Illuminate\Foundation\Http\Kernel.php(146): Illuminate\Foundation\Http\Kernel->bootstrap()
#33 C:\laragon\www\farhan\vendor\laravel\framework\src\Illuminate\Foundation\Http\Kernel.php(116): Illuminate\Foundation\Http\Kernel->sendRequestThroughRouter(Object(Illuminate\Http\Request))
#34 C:\laragon\www\farhan\index.php(43): Illuminate\Foundation\Http\Kernel->handle(Object(Illuminate\Http\Request))
#35 {main}

Next Doctrine\DBAL\Driver\PDOException: SQLSTATE[HY000] [1045] Access denied for user 'inatamac_farhan'@'localhost' (using password: YES) in C:\laragon\www\farhan\vendor\doctrine\dbal\lib\Doctrine\DBAL\Driver\PDOConnection.php:47
Stack trace:
#0 C:\laragon\www\farhan\vendor\laravel\framework\src\Illuminate\Database\Connectors\Connector.php(64): Doctrine\DBAL\Driver\PDOConnection->__construct('mysql:host=loca...', 'inatamac_farhan', 'farhan@123', Array)
#1 C:\laragon\www\farhan\vendor\laravel\framework\src\Illuminate\Database\Connectors\Connector.php(43): Illuminate\Database\Connectors\Connector->createPdoConnection('mysql:host=loca...', 'inatamac_farhan', 'farhan@123', Array)
#2 C:\laragon\www\farhan\vendor\laravel\framework\src\Illuminate\Database\Connectors\MySqlConnector.php(24): Illuminate\Database\Connectors\Connector->createConnection('mysql:host=loca...', Array, Array)
#3 C:\laragon\www\farhan\vendor\october\rain\src\Database\Connectors\ConnectionFactory.php(29): Illuminate\Database\Connectors\MySqlConnector->connect(Array)
#4 [internal function]: October\Rain\Database\Connectors\ConnectionFactory->October\Rain\Database\Connectors\{closure}()
#5 C:\laragon\www\farhan\vendor\laravel\framework\src\Illuminate\Database\Connection.php(915): call_user_func(Object(Closure))
#6 C:\laragon\www\farhan\vendor\laravel\framework\src\Illuminate\Database\Connection.php(940): Illuminate\Database\Connection->getPdo()
#7 C:\laragon\www\farhan\vendor\laravel\framework\src\Illuminate\Database\Connection.php(399): Illuminate\Database\Connection->getReadPdo()
#8 C:\laragon\www\farhan\vendor\laravel\framework\src\Illuminate\Database\Connection.php(325): Illuminate\Database\Connection->getPdoForSelect(true)
#9 C:\laragon\www\farhan\vendor\laravel\framework\src\Illuminate\Database\Connection.php(657): Illuminate\Database\Connection->Illuminate\Database\{closure}('select * from i...', Array)
#10 C:\laragon\www\farhan\vendor\laravel\framework\src\Illuminate\Database\Connection.php(624): Illuminate\Database\Connection->runQueryCallback('select * from i...', Array, Object(Closure))
#11 C:\laragon\www\farhan\vendor\laravel\framework\src\Illuminate\Database\Connection.php(333): Illuminate\Database\Connection->run('select * from i...', Array, Object(Closure))
#12 C:\laragon\www\farhan\vendor\laravel\framework\src\Illuminate\Database\Schema\MySqlBuilder.php(18): Illuminate\Database\Connection->select('select * from i...', Array)
#13 C:\laragon\www\farhan\vendor\laravel\framework\src\Illuminate\Support\Facades\Facade.php(221): Illuminate\Database\Schema\MySqlBuilder->hasTable('users')
#14 C:\laragon\www\farhan\plugins\vdomah\roles\classes\AbstractPluginInfo.php(42): Illuminate\Support\Facades\Facade::__callStatic('hasTable', Array)
#15 C:\laragon\www\farhan\plugins\vdomah\roles\Plugin.php(55): Vdomah\Roles\Classes\AbstractPluginInfo->checkRoleIdColumnExists()
#16 C:\laragon\www\farhan\modules\system\classes\PluginManager.php(317): Vdomah\Roles\Plugin->boot()
#17 C:\laragon\www\farhan\modules\system\classes\PluginManager.php(299): System\Classes\PluginManager->bootPlugin(Object(Vdomah\Roles\Plugin))
#18 C:\laragon\www\farhan\modules\system\ServiceProvider.php(104): System\Classes\PluginManager->bootAll()
#19 [internal function]: System\ServiceProvider->boot()
#20 C:\laragon\www\farhan\vendor\laravel\framework\src\Illuminate\Container\BoundMethod.php(29): call_user_func_array(Array, Array)
#21 C:\laragon\www\farhan\vendor\laravel\framework\src\Illuminate\Container\BoundMethod.php(87): Illuminate\Container\BoundMethod::Illuminate\Container\{closure}()
#22 C:\laragon\www\farhan\vendor\laravel\framework\src\Illuminate\Container\BoundMethod.php(31): Illuminate\Container\BoundMethod::callBoundMethod(Object(October\Rain\Foundation\Application), Array, Object(Closure))
#23 C:\laragon\www\farhan\vendor\laravel\framework\src\Illuminate\Container\Container.php(549): Illuminate\Container\BoundMethod::call(Object(October\Rain\Foundation\Application), Array, Array, NULL)
#24 C:\laragon\www\farhan\vendor\laravel\framework\src\Illuminate\Foundation\Application.php(792): Illuminate\Container\Container->call(Array)
#25 C:\laragon\www\farhan\vendor\laravel\framework\src\Illuminate\Foundation\Application.php(775): Illuminate\Foundation\Application->bootProvider(Object(System\ServiceProvider))
#26 [internal function]: Illuminate\Foundation\Application->Illuminate\Foundation\{closure}(Object(System\ServiceProvider), 24)
#27 C:\laragon\www\farhan\vendor\laravel\framework\src\Illuminate\Foundation\Application.php(776): array_walk(Array, Object(Closure))
#28 C:\laragon\www\farhan\vendor\laravel\framework\src\Illuminate\Foundation\Bootstrap\BootProviders.php(17): Illuminate\Foundation\Application->boot()
#29 C:\laragon\www\farhan\vendor\october\rain\src\Foundation\Application.php(85): Illuminate\Foundation\Bootstrap\BootProviders->bootstrap(Object(October\Rain\Foundation\Application))
#30 C:\laragon\www\farhan\vendor\laravel\framework\src\Illuminate\Foundation\Http\Kernel.php(162): October\Rain\Foundation\Application->bootstrapWith(Array)
#31 C:\laragon\www\farhan\vendor\laravel\framework\src\Illuminate\Foundation\Http\Kernel.php(146): Illuminate\Foundation\Http\Kernel->bootstrap()
#32 C:\laragon\www\farhan\vendor\laravel\framework\src\Illuminate\Foundation\Http\Kernel.php(116): Illuminate\Foundation\Http\Kernel->sendRequestThroughRouter(Object(Illuminate\Http\Request))
#33 C:\laragon\www\farhan\index.php(43): Illuminate\Foundation\Http\Kernel->handle(Object(Illuminate\Http\Request))
#34 {main}

Next Illuminate\Database\QueryException: SQLSTATE[HY000] [1045] Access denied for user 'inatamac_farhan'@'localhost' (using password: YES) (SQL: select * from information_schema.tables where table_schema = inatamac_farhan and table_name = users) in C:\laragon\www\farhan\vendor\laravel\framework\src\Illuminate\Database\Connection.php:664
Stack trace:
#0 C:\laragon\www\farhan\vendor\laravel\framework\src\Illuminate\Database\Connection.php(624): Illuminate\Database\Connection->runQueryCallback('select * from i...', Array, Object(Closure))
#1 C:\laragon\www\farhan\vendor\laravel\framework\src\Illuminate\Database\Connection.php(333): Illuminate\Database\Connection->run('select * from i...', Array, Object(Closure))
#2 C:\laragon\www\farhan\vendor\laravel\framework\src\Illuminate\Database\Schema\MySqlBuilder.php(18): Illuminate\Database\Connection->select('select * from i...', Array)
#3 C:\laragon\www\farhan\vendor\laravel\framework\src\Illuminate\Support\Facades\Facade.php(221): Illuminate\Database\Schema\MySqlBuilder->hasTable('users')
#4 C:\laragon\www\farhan\plugins\vdomah\roles\classes\AbstractPluginInfo.php(42): Illuminate\Support\Facades\Facade::__callStatic('hasTable', Array)
#5 C:\laragon\www\farhan\plugins\vdomah\roles\Plugin.php(55): Vdomah\Roles\Classes\AbstractPluginInfo->checkRoleIdColumnExists()
#6 C:\laragon\www\farhan\modules\system\classes\PluginManager.php(317): Vdomah\Roles\Plugin->boot()
#7 C:\laragon\www\farhan\modules\system\classes\PluginManager.php(299): System\Classes\PluginManager->bootPlugin(Object(Vdomah\Roles\Plugin))
#8 C:\laragon\www\farhan\modules\system\ServiceProvider.php(104): System\Classes\PluginManager->bootAll()
#9 [internal function]: System\ServiceProvider->boot()
#10 C:\laragon\www\farhan\vendor\laravel\framework\src\Illuminate\Container\BoundMethod.php(29): call_user_func_array(Array, Array)
#11 C:\laragon\www\farhan\vendor\laravel\framework\src\Illuminate\Container\BoundMethod.php(87): Illuminate\Container\BoundMethod::Illuminate\Container\{closure}()
#12 C:\laragon\www\farhan\vendor\laravel\framework\src\Illuminate\Container\BoundMethod.php(31): Illuminate\Container\BoundMethod::callBoundMethod(Object(October\Rain\Foundation\Application), Array, Object(Closure))
#13 C:\laragon\www\farhan\vendor\laravel\framework\src\Illuminate\Container\Container.php(549): Illuminate\Container\BoundMethod::call(Object(October\Rain\Foundation\Application), Array, Array, NULL)
#14 C:\laragon\www\farhan\vendor\laravel\framework\src\Illuminate\Foundation\Application.php(792): Illuminate\Container\Container->call(Array)
#15 C:\laragon\www\farhan\vendor\laravel\framework\src\Illuminate\Foundation\Application.php(775): Illuminate\Foundation\Application->bootProvider(Object(System\ServiceProvider))
#16 [internal function]: Illuminate\Foundation\Application->Illuminate\Foundation\{closure}(Object(System\ServiceProvider), 24)
#17 C:\laragon\www\farhan\vendor\laravel\framework\src\Illuminate\Foundation\Application.php(776): array_walk(Array, Object(Closure))
#18 C:\laragon\www\farhan\vendor\laravel\framework\src\Illuminate\Foundation\Bootstrap\BootProviders.php(17): Illuminate\Foundation\Application->boot()
#19 C:\laragon\www\farhan\vendor\october\rain\src\Foundation\Application.php(85): Illuminate\Foundation\Bootstrap\BootProviders->bootstrap(Object(October\Rain\Foundation\Application))
#20 C:\laragon\www\farhan\vendor\laravel\framework\src\Illuminate\Foundation\Http\Kernel.php(162): October\Rain\Foundation\Application->bootstrapWith(Array)
#21 C:\laragon\www\farhan\vendor\laravel\framework\src\Illuminate\Foundation\Http\Kernel.php(146): Illuminate\Foundation\Http\Kernel->bootstrap()
#22 C:\laragon\www\farhan\vendor\laravel\framework\src\Illuminate\Foundation\Http\Kernel.php(116): Illuminate\Foundation\Http\Kernel->sendRequestThroughRouter(Object(Illuminate\Http\Request))
#23 C:\laragon\www\farhan\index.php(43): Illuminate\Foundation\Http\Kernel->handle(Object(Illuminate\Http\Request))
#24 {main}  
[2021-01-07 14:15:01] development.ERROR: Symfony\Component\Debug\Exception\FatalThrowableError: Parse error: syntax error, unexpected '->' (T_OBJECT_OPERATOR), expecting identifier (T_STRING) or variable (T_VARIABLE) or '{' or '$' in C:\laragon\www\farhan\plugins\phuzzy\techarea\controllers\bantuan\_detail_scoreboard.htm:28
Stack trace:
#0 C:\laragon\www\farhan\modules\system\traits\ViewMaker.php(97): Backend\Classes\Controller->makeFileContents('C:\\laragon\\www\\...', Array)
#1 C:\laragon\www\farhan\plugins\phuzzy\techarea\controllers\bantuan\update.htm(15): Backend\Classes\Controller->makePartial('_detail_scorebo...')
#2 C:\laragon\www\farhan\modules\system\traits\ViewMaker.php(247): include('C:\\laragon\\www\\...')
#3 C:\laragon\www\farhan\modules\system\traits\ViewMaker.php(109): Backend\Classes\Controller->makeFileContents('C:\\laragon\\www\\...')
#4 C:\laragon\www\farhan\modules\backend\classes\Controller.php(419): Backend\Classes\Controller->makeView('update')
#5 C:\laragon\www\farhan\modules\backend\classes\Controller.php(296): Backend\Classes\Controller->execPageAction('update', Array)
#6 C:\laragon\www\farhan\modules\backend\classes\BackendController.php(165): Backend\Classes\Controller->run('update', Array)
#7 [internal function]: Backend\Classes\BackendController->run('phuzzy/techarea...')
#8 C:\laragon\www\farhan\vendor\laravel\framework\src\Illuminate\Routing\Controller.php(54): call_user_func_array(Array, Array)
#9 C:\laragon\www\farhan\vendor\laravel\framework\src\Illuminate\Routing\ControllerDispatcher.php(45): Illuminate\Routing\Controller->callAction('run', Array)
#10 C:\laragon\www\farhan\vendor\laravel\framework\src\Illuminate\Routing\Route.php(212): Illuminate\Routing\ControllerDispatcher->dispatch(Object(Illuminate\Routing\Route), Object(Backend\Classes\BackendController), 'run')
#11 C:\laragon\www\farhan\vendor\laravel\framework\src\Illuminate\Routing\Route.php(169): Illuminate\Routing\Route->runController()
#12 C:\laragon\www\farhan\vendor\laravel\framework\src\Illuminate\Routing\Router.php(658): Illuminate\Routing\Route->run()
#13 C:\laragon\www\farhan\vendor\laravel\framework\src\Illuminate\Routing\Pipeline.php(30): Illuminate\Routing\Router->Illuminate\Routing\{closure}(Object(Illuminate\Http\Request))
#14 C:\laragon\www\farhan\modules\backend\classes\BackendController.php(68): Illuminate\Routing\Pipeline->Illuminate\Routing\{closure}(Object(Illuminate\Http\Request))
#15 C:\laragon\www\farhan\vendor\laravel\framework\src\Illuminate\Pipeline\Pipeline.php(131): Backend\Classes\BackendController->Backend\Classes\{closure}(Object(Illuminate\Http\Request), Object(Closure))
#16 C:\laragon\www\farhan\vendor\laravel\framework\src\Illuminate\Routing\Pipeline.php(53): Illuminate\Pipeline\Pipeline->Illuminate\Pipeline\{closure}(Object(Illuminate\Http\Request))
#17 C:\laragon\www\farhan\vendor\laravel\framework\src\Illuminate\Routing\Middleware\SubstituteBindings.php(41): Illuminate\Routing\Pipeline->Illuminate\Routing\{closure}(Object(Illuminate\Http\Request))
#18 C:\laragon\www\farhan\vendor\laravel\framework\src\Illuminate\Pipeline\Pipeline.php(149): Illuminate\Routing\Middleware\SubstituteBindings->handle(Object(Illuminate\Http\Request), Object(Closure))
#19 C:\laragon\www\farhan\vendor\laravel\framework\src\Illuminate\Routing\Pipeline.php(53): Illuminate\Pipeline\Pipeline->Illuminate\Pipeline\{closure}(Object(Illuminate\Http\Request))
#20 C:\laragon\www\farhan\vendor\laravel\framework\src\Illuminate\View\Middleware\ShareErrorsFromSession.php(49): Illuminate\Routing\Pipeline->Illuminate\Routing\{closure}(Object(Illuminate\Http\Request))
#21 C:\laragon\www\farhan\vendor\laravel\framework\src\Illuminate\Pipeline\Pipeline.php(149): Illuminate\View\Middleware\ShareErrorsFromSession->handle(Object(Illuminate\Http\Request), Object(Closure))
#22 C:\laragon\www\farhan\vendor\laravel\framework\src\Illuminate\Routing\Pipeline.php(53): Illuminate\Pipeline\Pipeline->Illuminate\Pipeline\{closure}(Object(Illuminate\Http\Request))
#23 C:\laragon\www\farhan\vendor\laravel\framework\src\Illuminate\Session\Middleware\StartSession.php(63): Illuminate\Routing\Pipeline->Illuminate\Routing\{closure}(Object(Illuminate\Http\Request))
#24 C:\laragon\www\farhan\vendor\laravel\framework\src\Illuminate\Pipeline\Pipeline.php(149): Illuminate\Session\Middleware\StartSession->handle(Object(Illuminate\Http\Request), Object(Closure))
#25 C:\laragon\www\farhan\vendor\laravel\framework\src\Illuminate\Routing\Pipeline.php(53): Illuminate\Pipeline\Pipeline->Illuminate\Pipeline\{closure}(Object(Illuminate\Http\Request))
#26 C:\laragon\www\farhan\vendor\laravel\framework\src\Illuminate\Cookie\Middleware\AddQueuedCookiesToResponse.php(37): Illuminate\Routing\Pipeline->Illuminate\Routing\{closure}(Object(Illuminate\Http\Request))
#27 C:\laragon\www\farhan\vendor\laravel\framework\src\Illuminate\Pipeline\Pipeline.php(149): Illuminate\Cookie\Middleware\AddQueuedCookiesToResponse->handle(Object(Illuminate\Http\Request), Object(Closure))
#28 C:\laragon\www\farhan\vendor\laravel\framework\src\Illuminate\Routing\Pipeline.php(53): Illuminate\Pipeline\Pipeline->Illuminate\Pipeline\{closure}(Object(Illuminate\Http\Request))
#29 C:\laragon\www\farhan\vendor\laravel\framework\src\Illuminate\Cookie\Middleware\EncryptCookies.php(68): Illuminate\Routing\Pipeline->Illuminate\Routing\{closure}(Object(Illuminate\Http\Request))
#30 C:\laragon\www\farhan\vendor\laravel\framework\src\Illuminate\Pipeline\Pipeline.php(149): Illuminate\Cookie\Middleware\EncryptCookies->handle(Object(Illuminate\Http\Request), Object(Closure))
#31 C:\laragon\www\farhan\vendor\laravel\framework\src\Illuminate\Routing\Pipeline.php(53): Illuminate\Pipeline\Pipeline->Illuminate\Pipeline\{closure}(Object(Illuminate\Http\Request))
#32 C:\laragon\www\farhan\vendor\laravel\framework\src\Illuminate\Pipeline\Pipeline.php(102): Illuminate\Routing\Pipeline->Illuminate\Routing\{closure}(Object(Illuminate\Http\Request))
#33 C:\laragon\www\farhan\vendor\laravel\framework\src\Illuminate\Routing\Router.php(660): Illuminate\Pipeline\Pipeline->then(Object(Closure))
#34 C:\laragon\www\farhan\vendor\laravel\framework\src\Illuminate\Routing\Router.php(635): Illuminate\Routing\Router->runRouteWithinStack(Object(Illuminate\Routing\Route), Object(Illuminate\Http\Request))
#35 C:\laragon\www\farhan\vendor\laravel\framework\src\Illuminate\Routing\Router.php(601): Illuminate\Routing\Router->runRoute(Object(Illuminate\Http\Request), Object(Illuminate\Routing\Route))
#36 C:\laragon\www\farhan\vendor\october\rain\src\Router\CoreRouter.php(20): Illuminate\Routing\Router->dispatchToRoute(Object(Illuminate\Http\Request))
#37 C:\laragon\www\farhan\vendor\laravel\framework\src\Illuminate\Foundation\Http\Kernel.php(176): October\Rain\Router\CoreRouter->dispatch(Object(Illuminate\Http\Request))
#38 C:\laragon\www\farhan\vendor\laravel\framework\src\Illuminate\Routing\Pipeline.php(30): Illuminate\Foundation\Http\Kernel->Illuminate\Foundation\Http\{closure}(Object(Illuminate\Http\Request))
#39 C:\laragon\www\farhan\vendor\laravel\framework\src\Illuminate\Foundation\Http\Middleware\CheckForMaintenanceMode.php(46): Illuminate\Routing\Pipeline->Illuminate\Routing\{closure}(Object(Illuminate\Http\Request))
#40 C:\laragon\www\farhan\vendor\october\rain\src\Foundation\Http\Middleware\CheckForMaintenanceMode.php(25): Illuminate\Foundation\Http\Middleware\CheckForMaintenanceMode->handle(Object(Illuminate\Http\Request), Object(Closure))
#41 C:\laragon\www\farhan\vendor\laravel\framework\src\Illuminate\Pipeline\Pipeline.php(149): October\Rain\Foundation\Http\Middleware\CheckForMaintenanceMode->handle(Object(Illuminate\Http\Request), Object(Closure))
#42 C:\laragon\www\farhan\vendor\laravel\framework\src\Illuminate\Routing\Pipeline.php(53): Illuminate\Pipeline\Pipeline->Illuminate\Pipeline\{closure}(Object(Illuminate\Http\Request))
#43 C:\laragon\www\farhan\vendor\laravel\framework\src\Illuminate\Pipeline\Pipeline.php(102): Illuminate\Routing\Pipeline->Illuminate\Routing\{closure}(Object(Illuminate\Http\Request))
#44 C:\laragon\www\farhan\vendor\laravel\framework\src\Illuminate\Foundation\Http\Kernel.php(151): Illuminate\Pipeline\Pipeline->then(Object(Closure))
#45 C:\laragon\www\farhan\vendor\laravel\framework\src\Illuminate\Foundation\Http\Kernel.php(116): Illuminate\Foundation\Http\Kernel->sendRequestThroughRouter(Object(Illuminate\Http\Request))
#46 C:\laragon\www\farhan\index.php(43): Illuminate\Foundation\Http\Kernel->handle(Object(Illuminate\Http\Request))
#47 {main}  
[2021-01-07 14:15:17] development.ERROR: Symfony\Component\Debug\Exception\FatalThrowableError: Parse error: syntax error, unexpected '->' (T_OBJECT_OPERATOR), expecting identifier (T_STRING) or variable (T_VARIABLE) or '{' or '$' in C:\laragon\www\farhan\plugins\phuzzy\techarea\controllers\bantuan\_detail_scoreboard.htm:28
Stack trace:
#0 C:\laragon\www\farhan\modules\system\traits\ViewMaker.php(97): Backend\Classes\Controller->makeFileContents('C:\\laragon\\www\\...', Array)
#1 C:\laragon\www\farhan\plugins\phuzzy\techarea\controllers\bantuan\update.htm(15): Backend\Classes\Controller->makePartial('_detail_scorebo...')
#2 C:\laragon\www\farhan\modules\system\traits\ViewMaker.php(247): include('C:\\laragon\\www\\...')
#3 C:\laragon\www\farhan\modules\system\traits\ViewMaker.php(109): Backend\Classes\Controller->makeFileContents('C:\\laragon\\www\\...')
#4 C:\laragon\www\farhan\modules\backend\classes\Controller.php(419): Backend\Classes\Controller->makeView('update')
#5 C:\laragon\www\farhan\modules\backend\classes\Controller.php(296): Backend\Classes\Controller->execPageAction('update', Array)
#6 C:\laragon\www\farhan\modules\backend\classes\BackendController.php(165): Backend\Classes\Controller->run('update', Array)
#7 [internal function]: Backend\Classes\BackendController->run('phuzzy/techarea...')
#8 C:\laragon\www\farhan\vendor\laravel\framework\src\Illuminate\Routing\Controller.php(54): call_user_func_array(Array, Array)
#9 C:\laragon\www\farhan\vendor\laravel\framework\src\Illuminate\Routing\ControllerDispatcher.php(45): Illuminate\Routing\Controller->callAction('run', Array)
#10 C:\laragon\www\farhan\vendor\laravel\framework\src\Illuminate\Routing\Route.php(212): Illuminate\Routing\ControllerDispatcher->dispatch(Object(Illuminate\Routing\Route), Object(Backend\Classes\BackendController), 'run')
#11 C:\laragon\www\farhan\vendor\laravel\framework\src\Illuminate\Routing\Route.php(169): Illuminate\Routing\Route->runController()
#12 C:\laragon\www\farhan\vendor\laravel\framework\src\Illuminate\Routing\Router.php(658): Illuminate\Routing\Route->run()
#13 C:\laragon\www\farhan\vendor\laravel\framework\src\Illuminate\Routing\Pipeline.php(30): Illuminate\Routing\Router->Illuminate\Routing\{closure}(Object(Illuminate\Http\Request))
#14 C:\laragon\www\farhan\modules\backend\classes\BackendController.php(68): Illuminate\Routing\Pipeline->Illuminate\Routing\{closure}(Object(Illuminate\Http\Request))
#15 C:\laragon\www\farhan\vendor\laravel\framework\src\Illuminate\Pipeline\Pipeline.php(131): Backend\Classes\BackendController->Backend\Classes\{closure}(Object(Illuminate\Http\Request), Object(Closure))
#16 C:\laragon\www\farhan\vendor\laravel\framework\src\Illuminate\Routing\Pipeline.php(53): Illuminate\Pipeline\Pipeline->Illuminate\Pipeline\{closure}(Object(Illuminate\Http\Request))
#17 C:\laragon\www\farhan\vendor\laravel\framework\src\Illuminate\Routing\Middleware\SubstituteBindings.php(41): Illuminate\Routing\Pipeline->Illuminate\Routing\{closure}(Object(Illuminate\Http\Request))
#18 C:\laragon\www\farhan\vendor\laravel\framework\src\Illuminate\Pipeline\Pipeline.php(149): Illuminate\Routing\Middleware\SubstituteBindings->handle(Object(Illuminate\Http\Request), Object(Closure))
#19 C:\laragon\www\farhan\vendor\laravel\framework\src\Illuminate\Routing\Pipeline.php(53): Illuminate\Pipeline\Pipeline->Illuminate\Pipeline\{closure}(Object(Illuminate\Http\Request))
#20 C:\laragon\www\farhan\vendor\laravel\framework\src\Illuminate\View\Middleware\ShareErrorsFromSession.php(49): Illuminate\Routing\Pipeline->Illuminate\Routing\{closure}(Object(Illuminate\Http\Request))
#21 C:\laragon\www\farhan\vendor\laravel\framework\src\Illuminate\Pipeline\Pipeline.php(149): Illuminate\View\Middleware\ShareErrorsFromSession->handle(Object(Illuminate\Http\Request), Object(Closure))
#22 C:\laragon\www\farhan\vendor\laravel\framework\src\Illuminate\Routing\Pipeline.php(53): Illuminate\Pipeline\Pipeline->Illuminate\Pipeline\{closure}(Object(Illuminate\Http\Request))
#23 C:\laragon\www\farhan\vendor\laravel\framework\src\Illuminate\Session\Middleware\StartSession.php(63): Illuminate\Routing\Pipeline->Illuminate\Routing\{closure}(Object(Illuminate\Http\Request))
#24 C:\laragon\www\farhan\vendor\laravel\framework\src\Illuminate\Pipeline\Pipeline.php(149): Illuminate\Session\Middleware\StartSession->handle(Object(Illuminate\Http\Request), Object(Closure))
#25 C:\laragon\www\farhan\vendor\laravel\framework\src\Illuminate\Routing\Pipeline.php(53): Illuminate\Pipeline\Pipeline->Illuminate\Pipeline\{closure}(Object(Illuminate\Http\Request))
#26 C:\laragon\www\farhan\vendor\laravel\framework\src\Illuminate\Cookie\Middleware\AddQueuedCookiesToResponse.php(37): Illuminate\Routing\Pipeline->Illuminate\Routing\{closure}(Object(Illuminate\Http\Request))
#27 C:\laragon\www\farhan\vendor\laravel\framework\src\Illuminate\Pipeline\Pipeline.php(149): Illuminate\Cookie\Middleware\AddQueuedCookiesToResponse->handle(Object(Illuminate\Http\Request), Object(Closure))
#28 C:\laragon\www\farhan\vendor\laravel\framework\src\Illuminate\Routing\Pipeline.php(53): Illuminate\Pipeline\Pipeline->Illuminate\Pipeline\{closure}(Object(Illuminate\Http\Request))
#29 C:\laragon\www\farhan\vendor\laravel\framework\src\Illuminate\Cookie\Middleware\EncryptCookies.php(68): Illuminate\Routing\Pipeline->Illuminate\Routing\{closure}(Object(Illuminate\Http\Request))
#30 C:\laragon\www\farhan\vendor\laravel\framework\src\Illuminate\Pipeline\Pipeline.php(149): Illuminate\Cookie\Middleware\EncryptCookies->handle(Object(Illuminate\Http\Request), Object(Closure))
#31 C:\laragon\www\farhan\vendor\laravel\framework\src\Illuminate\Routing\Pipeline.php(53): Illuminate\Pipeline\Pipeline->Illuminate\Pipeline\{closure}(Object(Illuminate\Http\Request))
#32 C:\laragon\www\farhan\vendor\laravel\framework\src\Illuminate\Pipeline\Pipeline.php(102): Illuminate\Routing\Pipeline->Illuminate\Routing\{closure}(Object(Illuminate\Http\Request))
#33 C:\laragon\www\farhan\vendor\laravel\framework\src\Illuminate\Routing\Router.php(660): Illuminate\Pipeline\Pipeline->then(Object(Closure))
#34 C:\laragon\www\farhan\vendor\laravel\framework\src\Illuminate\Routing\Router.php(635): Illuminate\Routing\Router->runRouteWithinStack(Object(Illuminate\Routing\Route), Object(Illuminate\Http\Request))
#35 C:\laragon\www\farhan\vendor\laravel\framework\src\Illuminate\Routing\Router.php(601): Illuminate\Routing\Router->runRoute(Object(Illuminate\Http\Request), Object(Illuminate\Routing\Route))
#36 C:\laragon\www\farhan\vendor\october\rain\src\Router\CoreRouter.php(20): Illuminate\Routing\Router->dispatchToRoute(Object(Illuminate\Http\Request))
#37 C:\laragon\www\farhan\vendor\laravel\framework\src\Illuminate\Foundation\Http\Kernel.php(176): October\Rain\Router\CoreRouter->dispatch(Object(Illuminate\Http\Request))
#38 C:\laragon\www\farhan\vendor\laravel\framework\src\Illuminate\Routing\Pipeline.php(30): Illuminate\Foundation\Http\Kernel->Illuminate\Foundation\Http\{closure}(Object(Illuminate\Http\Request))
#39 C:\laragon\www\farhan\vendor\laravel\framework\src\Illuminate\Foundation\Http\Middleware\CheckForMaintenanceMode.php(46): Illuminate\Routing\Pipeline->Illuminate\Routing\{closure}(Object(Illuminate\Http\Request))
#40 C:\laragon\www\farhan\vendor\october\rain\src\Foundation\Http\Middleware\CheckForMaintenanceMode.php(25): Illuminate\Foundation\Http\Middleware\CheckForMaintenanceMode->handle(Object(Illuminate\Http\Request), Object(Closure))
#41 C:\laragon\www\farhan\vendor\laravel\framework\src\Illuminate\Pipeline\Pipeline.php(149): October\Rain\Foundation\Http\Middleware\CheckForMaintenanceMode->handle(Object(Illuminate\Http\Request), Object(Closure))
#42 C:\laragon\www\farhan\vendor\laravel\framework\src\Illuminate\Routing\Pipeline.php(53): Illuminate\Pipeline\Pipeline->Illuminate\Pipeline\{closure}(Object(Illuminate\Http\Request))
#43 C:\laragon\www\farhan\vendor\laravel\framework\src\Illuminate\Pipeline\Pipeline.php(102): Illuminate\Routing\Pipeline->Illuminate\Routing\{closure}(Object(Illuminate\Http\Request))
#44 C:\laragon\www\farhan\vendor\laravel\framework\src\Illuminate\Foundation\Http\Kernel.php(151): Illuminate\Pipeline\Pipeline->then(Object(Closure))
#45 C:\laragon\www\farhan\vendor\laravel\framework\src\Illuminate\Foundation\Http\Kernel.php(116): Illuminate\Foundation\Http\Kernel->sendRequestThroughRouter(Object(Illuminate\Http\Request))
#46 C:\laragon\www\farhan\index.php(43): Illuminate\Foundation\Http\Kernel->handle(Object(Illuminate\Http\Request))
#47 {main}  
